<?xml version="1.0" encoding="UTF-8"?>
<!-- Generated by org.testng.reporters.JUnitReportReporter -->
<testsuite hostname="LAPTOP-FL6VK954" failures="0" tests="1" name="com.organisation1.MyProject.basetest.CartPageTest" time="7.802" errors="0" timestamp="2022-02-13T16:27:24 IST" skipped="0">
  <testcase classname="com.organisation1.MyProject.basetest.CartPageTest" name="ValidateCartColumns" time="7.802"/>
  <system-out/>
</testsuite> <!-- com.organisation1.MyProject.basetest.CartPageTest -->
