<?xml version="1.0" encoding="UTF-8"?>
<!-- Generated by org.testng.reporters.JUnitReportReporter -->
<testsuite hostname="LAPTOP-FL6VK954" failures="0" tests="1" name="com.organisation1.MyProject.basetest.LoginTest" time="8.364" errors="0" timestamp="2022-02-08T17:59:36 IST" skipped="0">
  <testcase classname="com.organisation1.MyProject.basetest.LoginTest" name="Login" time="8.364"/>
  <system-out/>
</testsuite> <!-- com.organisation1.MyProject.basetest.LoginTest -->
