<?xml version="1.0" encoding="UTF-8"?>
<!-- Generated by org.testng.reporters.JUnitReportReporter -->
<testsuite hostname="LAPTOP-FL6VK954" failures="0" tests="2" name="com.organisation1.MyProject.basetest.LoginTest" time="18.378" errors="0" timestamp="2022-02-13T08:40:37 IST" skipped="0">
  <testcase classname="com.organisation1.MyProject.basetest.LoginTest" name="Login" time="8.184"/>
  <system-out/>
  <testcase classname="com.organisation1.MyProject.basetest.LoginTest" name="MenuValidation" time="10.194"/>
  <system-out/>
</testsuite> <!-- com.organisation1.MyProject.basetest.LoginTest -->
