<?xml version="1.0" encoding="UTF-8"?>
<!-- Generated by org.testng.reporters.JUnitReportReporter -->
<testsuite hostname="LAPTOP-FL6VK954" failures="0" tests="2" name="com.organisation1.MyProject.basetest.LoginTest" time="5.891" errors="0" timestamp="2022-02-17T15:07:44 IST" skipped="0">
  <testcase classname="com.organisation1.MyProject.basetest.LoginTest" name="Login" time="2.519"/>
  <system-out/>
  <testcase classname="com.organisation1.MyProject.basetest.LoginTest" name="MenuValidation" time="3.372"/>
  <system-out/>
</testsuite> <!-- com.organisation1.MyProject.basetest.LoginTest -->
