<?xml version="1.0" encoding="UTF-8"?>
<!-- Generated by org.testng.reporters.JUnitReportReporter -->
<testsuite hostname="LAPTOP-FL6VK954" failures="0" tests="4" name="com.organisation1.MyProject.basetest.CartPageTest" time="13.312" errors="0" timestamp="2022-02-18T16:20:51 IST" skipped="0">
  <testcase classname="com.organisation1.MyProject.basetest.CartPageTest" name="ValidateCartsectionname" time="3.389"/>
  <system-out/>
  <testcase classname="com.organisation1.MyProject.basetest.CartPageTest" name="ValidateCartColumns" time="2.632"/>
  <system-out/>
  <testcase classname="com.organisation1.MyProject.basetest.CartPageTest" name="ValidateCartButtons" time="2.701"/>
  <system-out/>
  <testcase classname="com.organisation1.MyProject.basetest.CartPageTest" name="ClickOnContinueShoppingButton" time="4.590"/>
  <system-out/>
</testsuite> <!-- com.organisation1.MyProject.basetest.CartPageTest -->
