<?xml version="1.0" encoding="UTF-8"?>
<!-- Generated by org.testng.reporters.JUnitReportReporter -->
<testsuite hostname="LAPTOP-FL6VK954" failures="0" tests="4" name="com.organisation1.MyProject.basetest.CartPageTest" time="13.107" errors="0" timestamp="2022-02-17T15:07:44 IST" skipped="0">
  <testcase classname="com.organisation1.MyProject.basetest.CartPageTest" name="ValidateCartsectionname" time="3.267"/>
  <system-out/>
  <testcase classname="com.organisation1.MyProject.basetest.CartPageTest" name="ValidateCartColumns" time="4.568"/>
  <system-out/>
  <testcase classname="com.organisation1.MyProject.basetest.CartPageTest" name="ValidateCartButtons" time="2.788"/>
  <system-out/>
  <testcase classname="com.organisation1.MyProject.basetest.CartPageTest" name="ClickOnContinueShoppingButton" time="2.484"/>
  <system-out/>
</testsuite> <!-- com.organisation1.MyProject.basetest.CartPageTest -->
