<?xml version="1.0" encoding="UTF-8"?>
<!-- Generated by org.testng.reporters.JUnitReportReporter -->
<testsuite hostname="LAPTOP-FL6VK954" failures="0" tests="2" name="com.organisation1.MyProject.basetest.LoginTest" time="6.032" errors="0" timestamp="2022-02-18T16:20:51 IST" skipped="0">
  <testcase classname="com.organisation1.MyProject.basetest.LoginTest" name="Login" time="2.625"/>
  <system-out/>
  <testcase classname="com.organisation1.MyProject.basetest.LoginTest" name="MenuValidation" time="3.407"/>
  <system-out/>
</testsuite> <!-- com.organisation1.MyProject.basetest.LoginTest -->
